<?xml version="1.0" encoding="UTF-8"?>
<!-- Generated by org.testng.reporters.JUnitReportReporter -->
<testsuite hostname="DESKTOP-S6NSO22" failures="0" tests="2" name="PageObjectModel.SignInAmazon" time="41.280" errors="0" timestamp="2021-12-18T11:43:41 EST" skipped="0">
  <testcase classname="PageObjectModel.SignInAmazon" name="f" time="21.669"/>
  <system-out/>
  <testcase classname="PageObjectModel.SignInAmazon" name="VerificationOfText" time="19.611"/>
  <system-out/>
</testsuite> <!-- PageObjectModel.SignInAmazon -->
