<?xml version="1.0" encoding="UTF-8"?>
<!-- Generated by org.testng.reporters.JUnitReportReporter -->
<testsuite hostname="DESKTOP-S6NSO22" failures="0" tests="1" name="PeopleNTech.Automationtraining.NewTestAnnotations" time="0.011" errors="0" timestamp="2021-12-08T19:40:12 EST" skipped="0">
  <testcase classname="PeopleNTech.Automationtraining.NewTestAnnotations" name="f" time="0.011"/>
  <system-out/>
</testsuite> <!-- PeopleNTech.Automationtraining.NewTestAnnotations -->
