<?xml version="1.0" encoding="UTF-8"?>
<!-- Generated by org.testng.reporters.JUnitReportReporter -->
<testsuite hostname="DESKTOP-S6NSO22" failures="0" tests="1" name="PeopleNTech.Automationtraining.NewTest1" time="0.006" errors="0" timestamp="2021-12-08T19:39:36 EST" skipped="0">
  <testcase classname="PeopleNTech.Automationtraining.NewTest1" name="f" time="0.006"/>
  <system-out/>
</testsuite> <!-- PeopleNTech.Automationtraining.NewTest1 -->
