<?xml version="1.0" encoding="UTF-8"?>
<!-- Generated by org.testng.reporters.JUnitReportReporter -->
<testsuite hostname="DESKTOP-S6NSO22" failures="0" tests="2" name="PageObjectModel.SignInAmazon2" time="39.650" errors="0" timestamp="2021-12-18T11:43:41 EST" skipped="0">
  <testcase classname="PageObjectModel.SignInAmazon2" name="f" time="19.186"/>
  <system-out/>
  <testcase classname="PageObjectModel.SignInAmazon2" name="VerificationOfText" time="20.464"/>
  <system-out/>
</testsuite> <!-- PageObjectModel.SignInAmazon2 -->
